Traceback (most recent call last):
  File "/opt/hostedtoolcache/Python/3.9.20/x64/lib/python3.9/site-packages/jupyter_cache/executors/utils.py", line 58, in single_nb_execution
    executenb(
  File "/opt/hostedtoolcache/Python/3.9.20/x64/lib/python3.9/site-packages/nbclient/client.py", line 1319, in execute
    return NotebookClient(nb=nb, resources=resources, km=km, **kwargs).execute()
  File "/opt/hostedtoolcache/Python/3.9.20/x64/lib/python3.9/site-packages/jupyter_core/utils/__init__.py", line 165, in wrapped
    return loop.run_until_complete(inner)
  File "/opt/hostedtoolcache/Python/3.9.20/x64/lib/python3.9/asyncio/base_events.py", line 647, in run_until_complete
    return future.result()
  File "/opt/hostedtoolcache/Python/3.9.20/x64/lib/python3.9/site-packages/nbclient/client.py", line 709, in async_execute
    await self.async_execute_cell(
  File "/opt/hostedtoolcache/Python/3.9.20/x64/lib/python3.9/site-packages/nbclient/client.py", line 1062, in async_execute_cell
    await self._check_raise_for_error(cell, cell_index, exec_reply)
  File "/opt/hostedtoolcache/Python/3.9.20/x64/lib/python3.9/site-packages/nbclient/client.py", line 918, in _check_raise_for_error
    raise CellExecutionError.from_cell_and_msg(cell, exec_reply_content)
nbclient.exceptions.CellExecutionError: An error occurred while executing the following cell:
------------------
# Ordenar os coeficientes em termos absolutos (exceto o intercepto)
coeficientes_sem_intercepto = coeficientes.drop('const').abs().sort_values()

# Criar o gráfico
plt.figure(figsize=(10, 6))
sns.barplot(x=coeficientes_sem_intercepto, y=coeficientes_sem_intercepto.index, palette="Blues_r", hue=coeficientes_sem_intercepto, legend=False)

# Adicionar rótulos e títulos
plt.title("Importância das Variáveis no Modelo de Regressão", fontsize=14)
plt.xlabel("Valor Absoluto do Coeficiente")
plt.ylabel("Variáveis")
plt.tight_layout()
plt.show()
------------------


[0;31m---------------------------------------------------------------------------[0m
[0;31mNameError[0m                                 Traceback (most recent call last)
Cell [0;32mIn[50], line 2[0m
[1;32m      1[0m [38;5;66;03m# Ordenar os coeficientes em termos absolutos (exceto o intercepto)[39;00m
[0;32m----> 2[0m coeficientes_sem_intercepto [38;5;241m=[39m [43mcoeficientes[49m[38;5;241m.[39mdrop([38;5;124m'[39m[38;5;124mconst[39m[38;5;124m'[39m)[38;5;241m.[39mabs()[38;5;241m.[39msort_values()
[1;32m      4[0m [38;5;66;03m# Criar o gráfico[39;00m
[1;32m      5[0m plt[38;5;241m.[39mfigure(figsize[38;5;241m=[39m([38;5;241m10[39m, [38;5;241m6[39m))

[0;31mNameError[0m: name 'coeficientes' is not defined

